F:\ \IGRAPHICS\IGRAPHICSULTIMATE\IGRAPHICS PROJECT\DEBUG\IGRAPHICS PROJECT.EXE
F:\ \IGRAPHICS\IGRAPHICSULTIMATE\IGRAPHICS PROJECT\DEBUG\IGRAPHICS PROJECT.ILK
F:\ \IGRAPHICS\IGRAPHICSULTIMATE\IGRAPHICS PROJECT\DEBUG\IGRAPHICS PROJECT.PDB
F:\ \IGRAPHICS\IGRAPHICSULTIMATE\IGRAPHICS PROJECT\IGRAPHICS PROJECT\DEBUG\IGRAPHICS PROJECT.EXE.INTERMEDIATE.MANIFEST
F:\ \IGRAPHICS\IGRAPHICSULTIMATE\IGRAPHICS PROJECT\IGRAPHICS PROJECT\DEBUG\IMAGEDEMO.OBJ
F:\ \IGRAPHICS\IGRAPHICSULTIMATE\IGRAPHICS PROJECT\IGRAPHICS PROJECT\DEBUG\IMAIN.OBJ
F:\ \IGRAPHICS\IGRAPHICSULTIMATE\IGRAPHICS PROJECT\IGRAPHICS PROJECT\DEBUG\VC100.PDB
F:\IGRAPHICS\IGRAPHICS PROJECT\DEBUG\IGRAPHICS PROJECT.EXE
F:\IGRAPHICS\IGRAPHICS PROJECT\DEBUG\IGRAPHICS PROJECT.ILK
F:\IGRAPHICS\IGRAPHICS PROJECT\DEBUG\IGRAPHICS PROJECT.PDB
F:\iGraphics\iGraphics Project\iGraphics Project\Debug\BallDemo.obj
F:\iGraphics\iGraphics Project\iGraphics Project\Debug\BallDemo2.obj
F:\iGraphics\iGraphics Project\iGraphics Project\Debug\cl.command.1.tlog
F:\iGraphics\iGraphics Project\iGraphics Project\Debug\CL.read.1.tlog
F:\iGraphics\iGraphics Project\iGraphics Project\Debug\CL.write.1.tlog
F:\IGRAPHICS\IGRAPHICS PROJECT\IGRAPHICS PROJECT\DEBUG\IGRAPHICS PROJECT.EXE.INTERMEDIATE.MANIFEST
F:\iGraphics\iGraphics Project\iGraphics Project\Debug\iGraphics Project.exe.intermediate.manifest.xml
F:\iGraphics\iGraphics Project\iGraphics Project\Debug\iGraphics Project.vcxprojResolveAssemblyReference.cache
F:\iGraphics\iGraphics Project\iGraphics Project\Debug\iGraphics Project.write.1.tlog
F:\iGraphics\iGraphics Project\iGraphics Project\Debug\imagedemo.obj
F:\iGraphics\iGraphics Project\iGraphics Project\Debug\iMain.obj
F:\iGraphics\iGraphics Project\iGraphics Project\Debug\link.command.1.tlog
F:\iGraphics\iGraphics Project\iGraphics Project\Debug\link.read.1.tlog
F:\iGraphics\iGraphics Project\iGraphics Project\Debug\link.write.1.tlog
F:\iGraphics\iGraphics Project\iGraphics Project\Debug\MouseDemo.obj
F:\iGraphics\iGraphics Project\iGraphics Project\Debug\mt.command.1.tlog
F:\iGraphics\iGraphics Project\iGraphics Project\Debug\mt.read.1.tlog
F:\iGraphics\iGraphics Project\iGraphics Project\Debug\mt.write.1.tlog
F:\iGraphics\iGraphics Project\iGraphics Project\Debug\myDemo.obj
F:\IGRAPHICS\IGRAPHICS PROJECT\IGRAPHICS PROJECT\DEBUG\PICTUREDEMO.OBJ
F:\iGraphics\iGraphics Project\iGraphics Project\Debug\TextInputDemo.obj
F:\iGraphics\iGraphics Project\iGraphics Project\Debug\vc100.idb
F:\IGRAPHICS\IGRAPHICS PROJECT\IGRAPHICS PROJECT\DEBUG\VC100.PDB
F:\SOFTWAR-1 LAB(1200)\IGRAPHICSULTIMATE-20180522T211914Z-001\IGRAPHICSULTIMATE\IGRAPHICS PROJECT\DEBUG\IGRAPHICS PROJECT.EXE
F:\SOFTWAR-1 LAB(1200)\IGRAPHICSULTIMATE-20180522T211914Z-001\IGRAPHICSULTIMATE\IGRAPHICS PROJECT\DEBUG\IGRAPHICS PROJECT.ILK
F:\SOFTWAR-1 LAB(1200)\IGRAPHICSULTIMATE-20180522T211914Z-001\IGRAPHICSULTIMATE\IGRAPHICS PROJECT\DEBUG\IGRAPHICS PROJECT.PDB
F:\SOFTWAR-1 LAB(1200)\IGRAPHICSULTIMATE-20180522T211914Z-001\IGRAPHICSULTIMATE\IGRAPHICS PROJECT\IGRAPHICS PROJECT\DEBUG\IGRAPHICS PROJECT.EXE.INTERMEDIATE.MANIFEST
F:\SOFTWAR-1 LAB(1200)\IGRAPHICSULTIMATE-20180522T211914Z-001\IGRAPHICSULTIMATE\IGRAPHICS PROJECT\IGRAPHICS PROJECT\DEBUG\IMAIN.OBJ
F:\SOFTWAR-1 LAB(1200)\IGRAPHICSULTIMATE-20180522T211914Z-001\IGRAPHICSULTIMATE\IGRAPHICS PROJECT\IGRAPHICS PROJECT\DEBUG\VC100.PDB
H:\ \IGRAPHICS\IGRAPHICSULTIMATE\IGRAPHICS PROJECT\DEBUG\IGRAPHICS PROJECT.EXE
H:\ \IGRAPHICS\IGRAPHICSULTIMATE\IGRAPHICS PROJECT\DEBUG\IGRAPHICS PROJECT.ILK
H:\ \IGRAPHICS\IGRAPHICSULTIMATE\IGRAPHICS PROJECT\DEBUG\IGRAPHICS PROJECT.PDB
H:\ \IGRAPHICS\IGRAPHICSULTIMATE\IGRAPHICS PROJECT\IGRAPHICS PROJECT\DEBUG\IGRAPHICS PROJECT.EXE.INTERMEDIATE.MANIFEST
H:\ \IGRAPHICS\IGRAPHICSULTIMATE\IGRAPHICS PROJECT\IGRAPHICS PROJECT\DEBUG\IMAIN.OBJ
H:\ \IGRAPHICS\IGRAPHICSULTIMATE\IGRAPHICS PROJECT\IGRAPHICS PROJECT\DEBUG\VC100.PDB
I:\TEACHING\AUST\CSE 1200 - SOFTWARE DEVELOPMENT II\FALL 19\IGRAPHICS\IGRAPHICS ADVANCE\IGRAPHICSULTIMATE\IGRAPHICS PROJECT\DEBUG\IGRAPHICS PROJECT.EXE
I:\TEACHING\AUST\CSE 1200 - SOFTWARE DEVELOPMENT II\FALL 19\IGRAPHICS\IGRAPHICS ADVANCE\IGRAPHICSULTIMATE\IGRAPHICS PROJECT\DEBUG\IGRAPHICS PROJECT.ILK
I:\TEACHING\AUST\CSE 1200 - SOFTWARE DEVELOPMENT II\FALL 19\IGRAPHICS\IGRAPHICS ADVANCE\IGRAPHICSULTIMATE\IGRAPHICS PROJECT\DEBUG\IGRAPHICS PROJECT.PDB
I:\TEACHING\AUST\CSE 1200 - SOFTWARE DEVELOPMENT II\FALL 19\IGRAPHICS\IGRAPHICS ADVANCE\IGRAPHICSULTIMATE\IGRAPHICS PROJECT\IGRAPHICS PROJECT\DEBUG\BALLDEMO.OBJ
I:\TEACHING\AUST\CSE 1200 - SOFTWARE DEVELOPMENT II\FALL 19\IGRAPHICS\IGRAPHICS ADVANCE\IGRAPHICSULTIMATE\IGRAPHICS PROJECT\IGRAPHICS PROJECT\DEBUG\BALLDEMO2.OBJ
I:\TEACHING\AUST\CSE 1200 - SOFTWARE DEVELOPMENT II\FALL 19\IGRAPHICS\IGRAPHICS ADVANCE\IGRAPHICSULTIMATE\IGRAPHICS PROJECT\IGRAPHICS PROJECT\DEBUG\IGRAPHICS PROJECT.EXE.INTERMEDIATE.MANIFEST
I:\TEACHING\AUST\CSE 1200 - SOFTWARE DEVELOPMENT II\FALL 19\IGRAPHICS\IGRAPHICS ADVANCE\IGRAPHICSULTIMATE\IGRAPHICS PROJECT\IGRAPHICS PROJECT\DEBUG\IMAGEDEMO.OBJ
I:\TEACHING\AUST\CSE 1200 - SOFTWARE DEVELOPMENT II\FALL 19\IGRAPHICS\IGRAPHICS ADVANCE\IGRAPHICSULTIMATE\IGRAPHICS PROJECT\IGRAPHICS PROJECT\DEBUG\IMAIN.OBJ
I:\TEACHING\AUST\CSE 1200 - SOFTWARE DEVELOPMENT II\FALL 19\IGRAPHICS\IGRAPHICS ADVANCE\IGRAPHICSULTIMATE\IGRAPHICS PROJECT\IGRAPHICS PROJECT\DEBUG\MOUSEDEMO.OBJ
I:\TEACHING\AUST\CSE 1200 - SOFTWARE DEVELOPMENT II\FALL 19\IGRAPHICS\IGRAPHICS ADVANCE\IGRAPHICSULTIMATE\IGRAPHICS PROJECT\IGRAPHICS PROJECT\DEBUG\PICTUREDEMO.OBJ
I:\TEACHING\AUST\CSE 1200 - SOFTWARE DEVELOPMENT II\FALL 19\IGRAPHICS\IGRAPHICS ADVANCE\IGRAPHICSULTIMATE\IGRAPHICS PROJECT\IGRAPHICS PROJECT\DEBUG\TEXTINPUTDEMO.OBJ
I:\TEACHING\AUST\CSE 1200 - SOFTWARE DEVELOPMENT II\FALL 19\IGRAPHICS\IGRAPHICS ADVANCE\IGRAPHICSULTIMATE\IGRAPHICS PROJECT\IGRAPHICS PROJECT\DEBUG\VC100.PDB
I:\TEACHING\AUST\CSE 1200 - SOFTWARE DEVELOPMENT II\FALL 19\IGRAPHICS\IGRAPHICS ALL (JUNAED)\IGRAPHICS PROJECT\DEBUG\IGRAPHICS PROJECT.EXE
I:\TEACHING\AUST\CSE 1200 - SOFTWARE DEVELOPMENT II\FALL 19\IGRAPHICS\IGRAPHICS ALL (JUNAED)\IGRAPHICS PROJECT\DEBUG\IGRAPHICS PROJECT.ILK
I:\TEACHING\AUST\CSE 1200 - SOFTWARE DEVELOPMENT II\FALL 19\IGRAPHICS\IGRAPHICS ALL (JUNAED)\IGRAPHICS PROJECT\DEBUG\IGRAPHICS PROJECT.PDB
I:\TEACHING\AUST\CSE 1200 - SOFTWARE DEVELOPMENT II\FALL 19\IGRAPHICS\IGRAPHICS ALL (JUNAED)\IGRAPHICS PROJECT\IGRAPHICS PROJECT\DEBUG\BALLDEMO.OBJ
I:\TEACHING\AUST\CSE 1200 - SOFTWARE DEVELOPMENT II\FALL 19\IGRAPHICS\IGRAPHICS ALL (JUNAED)\IGRAPHICS PROJECT\IGRAPHICS PROJECT\DEBUG\BALLDEMO2.OBJ
I:\TEACHING\AUST\CSE 1200 - SOFTWARE DEVELOPMENT II\FALL 19\IGRAPHICS\IGRAPHICS ALL (JUNAED)\IGRAPHICS PROJECT\IGRAPHICS PROJECT\DEBUG\IGRAPHICS PROJECT.EXE.INTERMEDIATE.MANIFEST
I:\TEACHING\AUST\CSE 1200 - SOFTWARE DEVELOPMENT II\FALL 19\IGRAPHICS\IGRAPHICS ALL (JUNAED)\IGRAPHICS PROJECT\IGRAPHICS PROJECT\DEBUG\IMAGEDEMO.OBJ
I:\TEACHING\AUST\CSE 1200 - SOFTWARE DEVELOPMENT II\FALL 19\IGRAPHICS\IGRAPHICS ALL (JUNAED)\IGRAPHICS PROJECT\IGRAPHICS PROJECT\DEBUG\MYDEMO.OBJ
I:\TEACHING\AUST\CSE 1200 - SOFTWARE DEVELOPMENT II\FALL 19\IGRAPHICS\IGRAPHICS ALL (JUNAED)\IGRAPHICS PROJECT\IGRAPHICS PROJECT\DEBUG\PICTUREDEMO.OBJ
I:\TEACHING\AUST\CSE 1200 - SOFTWARE DEVELOPMENT II\FALL 19\IGRAPHICS\IGRAPHICS ALL (JUNAED)\IGRAPHICS PROJECT\IGRAPHICS PROJECT\DEBUG\VC100.PDB
